12:56:56.391 STATE READY                ── IdealSetup v1.0  (log: /storage/emulated/0/Android/data/eu.neongolden.idealsetup.debug/files/ideal-setup.log)
12:56:56.394 INFO  READY                device AP prefixes — purifier='IDEAL', sensor='ideal-add-device'
12:57:26.997 STATE SIM                  ── === SIMULATED provisioning against in-app fake HF-A11 ===
12:57:27.041 STATE CONFIG               ── setupPurifier ssid='MyHomeWiFi' moduleId='ideal-0001'
12:57:27.041 STATE DISCOVER             ── broadcasting HF-A11ASSISTHREAD to 10.10.100.254:48899
12:57:27.175 DEBUG SIM                  module replies to HF-A11ASSISTHREAD: '10.10.100.254,AC:CF:23:11:22:33,T40'
12:57:27.387 DEBUG SIM                  module: '+ok' -> '+ok'
12:57:27.398 DEBUG SIM                  module: 'AT+VER' -> '+ok=1.0.fake
'
12:57:27.399 DEBUG CMD-MODE             command mode confirmed on 10.10.100.254 (AT+VER ok)
12:57:29.410 DEBUG SIM                  module: 'AT+WSSSID=MyHomeWiFi' -> '+ok'
12:57:29.411 DEBUG @@@@@                CR: +ok(true)
12:57:29.525 DEBUG SIM                  module: 'AT+WSSSID' -> '+ok=MyHomeWiFi
'
12:57:29.526 DEBUG @@@@@                CR: +ok=MyHomeWiFi

(true)
12:57:29.526 DEBUG IdealManager-setupAP Retry 9
12:57:29.537 DEBUG SIM                  module: 'AT+WSSSID=MyHomeWiFi' -> '+ok'
12:57:29.537 DEBUG @@@@@                CR: +ok(true)
12:57:29.648 DEBUG SIM                  module: 'AT+WSSSID' -> '+ok=MyHomeWiFi
'
12:57:29.649 DEBUG @@@@@                CR: +ok=MyHomeWiFi

(true)
12:57:29.649 DEBUG IdealManager-setupAP Retry 8
12:57:29.660 DEBUG SIM                  module: 'AT+WSSSID=MyHomeWiFi' -> '+ok'
12:57:29.661 DEBUG @@@@@                CR: +ok(true)
12:57:29.772 DEBUG SIM                  module: 'AT+WSSSID' -> '+ok=MyHomeWiFi
'
12:57:29.773 DEBUG @@@@@                CR: +ok=MyHomeWiFi

(true)
12:57:29.773 DEBUG IdealManager-setupAP Retry 7
12:57:29.783 DEBUG SIM                  module: 'AT+WSSSID=MyHomeWiFi' -> '+ok'
12:57:29.784 DEBUG @@@@@                CR: +ok(true)
12:57:29.896 DEBUG SIM                  module: 'AT+WSSSID' -> '+ok=MyHomeWiFi
'
12:57:29.900 DEBUG @@@@@                CR: +ok=MyHomeWiFi

(true)
12:57:29.900 DEBUG IdealManager-setupAP Retry 6
12:57:29.910 DEBUG SIM                  module: 'AT+WSSSID=MyHomeWiFi' -> '+ok'
12:57:29.911 DEBUG @@@@@                CR: +ok(true)
12:57:30.021 DEBUG SIM                  module: 'AT+WSSSID' -> '+ok=MyHomeWiFi
'
12:57:30.022 DEBUG @@@@@                CR: +ok=MyHomeWiFi

(true)
12:57:30.022 DEBUG IdealManager-setupAP Retry 5
12:57:30.033 DEBUG SIM                  module: 'AT+WSSSID=MyHomeWiFi' -> '+ok'
12:57:30.033 DEBUG @@@@@                CR: +ok(true)
12:57:30.144 DEBUG SIM                  module: 'AT+WSSSID' -> '+ok=MyHomeWiFi
'
12:57:30.145 DEBUG @@@@@                CR: +ok=MyHomeWiFi

(true)
12:57:30.145 DEBUG IdealManager-setupAP Retry 4
12:57:30.156 DEBUG SIM                  module: 'AT+WSSSID=MyHomeWiFi' -> '+ok'
12:57:30.156 DEBUG @@@@@                CR: +ok(true)
12:57:30.267 DEBUG SIM                  module: 'AT+WSSSID' -> '+ok=MyHomeWiFi
'
12:57:30.267 DEBUG @@@@@                CR: +ok=MyHomeWiFi

(true)
12:57:30.267 DEBUG IdealManager-setupAP Retry 3
12:57:30.277 DEBUG SIM                  module: 'AT+WSSSID=MyHomeWiFi' -> '+ok'
12:57:30.278 DEBUG @@@@@                CR: +ok(true)
12:57:30.389 DEBUG SIM                  module: 'AT+WSSSID' -> '+ok=MyHomeWiFi
'
12:57:30.390 DEBUG @@@@@                CR: +ok=MyHomeWiFi

(true)
12:57:30.390 DEBUG IdealManager-setupAP Retry 2
12:57:30.400 DEBUG SIM                  module: 'AT+WSSSID=MyHomeWiFi' -> '+ok'
12:57:30.401 DEBUG @@@@@                CR: +ok(true)
12:57:30.512 DEBUG SIM                  module: 'AT+WSSSID' -> '+ok=MyHomeWiFi
'
12:57:30.512 DEBUG @@@@@                CR: +ok=MyHomeWiFi

(true)
12:57:30.513 DEBUG IdealManager-setupAP Retry 1
12:57:30.523 DEBUG SIM                  module: 'AT+WSSSID=MyHomeWiFi' -> '+ok'
12:57:30.524 DEBUG @@@@@                CR: +ok(true)
12:57:30.635 DEBUG SIM                  module: 'AT+WSSSID' -> '+ok=MyHomeWiFi
'
12:57:30.636 DEBUG @@@@@                CR: +ok=MyHomeWiFi

(true)
12:57:30.636 DEBUG IdealManager-setupAP Retry 0
12:57:30.647 DEBUG SIM                  module: 'AT+WSSSID=MyHomeWiFi' -> '+ok'
12:57:30.647 DEBUG @@@@@                CR: +ok(true)
12:57:30.758 DEBUG SIM                  module: 'AT+WSSSID' -> '+ok=MyHomeWiFi
'
12:57:30.758 DEBUG @@@@@                CR: +ok=MyHomeWiFi

(true)
12:57:30.758 DEBUG IdealManager-setupAP AT+WSSSID:fail
12:57:30.768 DEBUG SIM                  module: 'AT+DISPS=Yes' -> '+ok'
12:57:30.769 DEBUG @@@@@                CR: +ok(true)
12:57:30.881 DEBUG SIM                  module: 'AT+DISPS' -> '+ok=Yes
'
12:57:30.883 DEBUG @@@@@                CR: +ok=Yes

(true)
12:57:30.883 DEBUG IdealManager-setupAP Retry 9
12:57:30.899 DEBUG SIM                  module: 'AT+DISPS=Yes' -> '+ok'
12:57:30.899 DEBUG @@@@@                CR: +ok(true)
12:57:31.010 DEBUG SIM                  module: 'AT+DISPS' -> '+ok=Yes
'
12:57:31.010 DEBUG @@@@@                CR: +ok=Yes

(true)
12:57:31.010 DEBUG IdealManager-setupAP Retry 8
12:57:31.021 DEBUG SIM                  module: 'AT+DISPS=Yes' -> '+ok'
12:57:31.021 DEBUG @@@@@                CR: +ok(true)
12:57:31.131 DEBUG SIM                  module: 'AT+DISPS' -> '+ok=Yes
'
12:57:31.132 DEBUG @@@@@                CR: +ok=Yes

(true)
12:57:31.132 DEBUG IdealManager-setupAP Retry 7
12:57:31.145 DEBUG SIM                  module: 'AT+DISPS=Yes' -> '+ok'
12:57:31.146 DEBUG @@@@@                CR: +ok(true)
12:57:31.257 DEBUG SIM                  module: 'AT+DISPS' -> '+ok=Yes
'
12:57:31.257 DEBUG @@@@@                CR: +ok=Yes

(true)
12:57:31.257 DEBUG IdealManager-setupAP Retry 6
12:57:31.268 DEBUG SIM                  module: 'AT+DISPS=Yes' -> '+ok'
12:57:31.268 DEBUG @@@@@                CR: +ok(true)
12:57:31.379 DEBUG SIM                  module: 'AT+DISPS' -> '+ok=Yes
'
12:57:31.380 DEBUG @@@@@                CR: +ok=Yes

(true)
12:57:31.380 DEBUG IdealManager-setupAP Retry 5
12:57:31.392 DEBUG SIM                  module: 'AT+DISPS=Yes' -> '+ok'
12:57:31.392 DEBUG @@@@@                CR: +ok(true)
12:57:31.503 DEBUG SIM                  module: 'AT+DISPS' -> '+ok=Yes
'
12:57:31.503 DEBUG @@@@@                CR: +ok=Yes

(true)
12:57:31.503 DEBUG IdealManager-setupAP Retry 4
12:57:31.515 DEBUG SIM                  module: 'AT+DISPS=Yes' -> '+ok'
12:57:31.515 DEBUG @@@@@                CR: +ok(true)
12:57:31.625 DEBUG SIM                  module: 'AT+DISPS' -> '+ok=Yes
'
12:57:31.626 DEBUG @@@@@                CR: +ok=Yes

(true)
12:57:31.626 DEBUG IdealManager-setupAP Retry 3
12:57:31.636 DEBUG SIM                  module: 'AT+DISPS=Yes' -> '+ok'
12:57:31.637 DEBUG @@@@@                CR: +ok(true)
12:57:31.748 DEBUG SIM                  module: 'AT+DISPS' -> '+ok=Yes
'
12:57:31.748 DEBUG @@@@@                CR: +ok=Yes

(true)
12:57:31.749 DEBUG IdealManager-setupAP Retry 2
12:57:31.763 DEBUG SIM                  module: 'AT+DISPS=Yes' -> '+ok'
12:57:31.763 DEBUG @@@@@                CR: +ok(true)
12:57:31.875 DEBUG SIM                  module: 'AT+DISPS' -> '+ok=Yes
'
12:57:31.878 DEBUG @@@@@                CR: +ok=Yes

(true)
12:57:31.878 DEBUG IdealManager-setupAP Retry 1
12:57:31.894 DEBUG SIM                  module: 'AT+DISPS=Yes' -> '+ok'
12:57:31.894 DEBUG @@@@@                CR: +ok(true)
12:57:32.005 DEBUG SIM                  module: 'AT+DISPS' -> '+ok=Yes
'
12:57:32.005 DEBUG @@@@@                CR: +ok=Yes

(true)
12:57:32.006 DEBUG IdealManager-setupAP Retry 0
12:57:32.031 DEBUG SIM                  module: 'AT+DISPS=Yes' -> '+ok'
12:57:32.032 DEBUG @@@@@                CR: +ok(true)
12:57:32.143 DEBUG SIM                  module: 'AT+DISPS' -> '+ok=Yes
'
12:57:32.144 DEBUG @@@@@                CR: +ok=Yes

(true)
12:57:32.144 DEBUG IdealManager-setupAP AT+DISPS:fail
12:57:32.156 DEBUG SIM                  module: 'AT+WSKEY=WPA2PSK,AES,secret123' -> '+ok'
12:57:32.156 DEBUG @@@@@                CR: +ok(true)
12:57:32.267 DEBUG SIM                  module: 'AT+WSKEY' -> '+ok=WPA2PSK,AES,secret123
'
12:57:32.267 DEBUG @@@@@                CR: +ok=WPA2PSK,AES,secret123

(true)
12:57:32.268 DEBUG IdealManager-setupAP Retry 9
12:57:32.284 DEBUG SIM                  module: 'AT+WSKEY=WPA2PSK,AES,secret123' -> '+ok'
12:57:32.287 DEBUG @@@@@                CR: +ok(true)
12:57:32.398 DEBUG SIM                  module: 'AT+WSKEY' -> '+ok=WPA2PSK,AES,secret123
'
12:57:32.398 DEBUG @@@@@                CR: +ok=WPA2PSK,AES,secret123

(true)
12:57:32.399 DEBUG IdealManager-setupAP Retry 8
12:57:32.412 DEBUG SIM                  module: 'AT+WSKEY=WPA2PSK,AES,secret123' -> '+ok'
12:57:32.413 DEBUG @@@@@                CR: +ok(true)
12:57:32.523 DEBUG SIM                  module: 'AT+WSKEY' -> '+ok=WPA2PSK,AES,secret123
'
12:57:32.524 DEBUG @@@@@                CR: +ok=WPA2PSK,AES,secret123

(true)
12:57:32.524 DEBUG IdealManager-setupAP Retry 7
12:57:32.546 DEBUG SIM                  module: 'AT+WSKEY=WPA2PSK,AES,secret123' -> '+ok'
12:57:32.546 DEBUG @@@@@                CR: +ok(true)
12:57:32.657 DEBUG SIM                  module: 'AT+WSKEY' -> '+ok=WPA2PSK,AES,secret123
'
12:57:32.657 DEBUG @@@@@                CR: +ok=WPA2PSK,AES,secret123

(true)
12:57:32.658 DEBUG IdealManager-setupAP Retry 6
12:57:32.681 DEBUG SIM                  module: 'AT+WSKEY=WPA2PSK,AES,secret123' -> '+ok'
12:57:32.682 DEBUG @@@@@                CR: +ok(true)
12:57:32.793 DEBUG SIM                  module: 'AT+WSKEY' -> '+ok=WPA2PSK,AES,secret123
'
12:57:32.793 DEBUG @@@@@                CR: +ok=WPA2PSK,AES,secret123

(true)
12:57:32.794 DEBUG IdealManager-setupAP Retry 5
12:57:32.813 DEBUG SIM                  module: 'AT+WSKEY=WPA2PSK,AES,secret123' -> '+ok'
12:57:32.814 DEBUG @@@@@                CR: +ok(true)
12:57:32.924 DEBUG SIM                  module: 'AT+WSKEY' -> '+ok=WPA2PSK,AES,secret123
'
12:57:32.925 DEBUG @@@@@                CR: +ok=WPA2PSK,AES,secret123

(true)
12:57:32.925 DEBUG IdealManager-setupAP Retry 4
12:57:32.941 DEBUG SIM                  module: 'AT+WSKEY=WPA2PSK,AES,secret123' -> '+ok'
12:57:32.941 DEBUG @@@@@                CR: +ok(true)
12:57:33.052 DEBUG SIM                  module: 'AT+WSKEY' -> '+ok=WPA2PSK,AES,secret123
'
12:57:33.052 DEBUG @@@@@                CR: +ok=WPA2PSK,AES,secret123

(true)
12:57:33.053 DEBUG IdealManager-setupAP Retry 3
12:57:33.068 DEBUG SIM                  module: 'AT+WSKEY=WPA2PSK,AES,secret123' -> '+ok'
12:57:33.069 DEBUG @@@@@                CR: +ok(true)
12:57:33.180 DEBUG SIM                  module: 'AT+WSKEY' -> '+ok=WPA2PSK,AES,secret123
'
12:57:33.180 DEBUG @@@@@                CR: +ok=WPA2PSK,AES,secret123

(true)
12:57:33.180 DEBUG IdealManager-setupAP Retry 2
12:57:33.202 DEBUG SIM                  module: 'AT+WSKEY=WPA2PSK,AES,secret123' -> '+ok'
12:57:33.203 DEBUG @@@@@                CR: +ok(true)
12:57:33.312 DEBUG SIM                  module: 'AT+WSKEY' -> '+ok=WPA2PSK,AES,secret123
'
12:57:33.313 DEBUG @@@@@                CR: +ok=WPA2PSK,AES,secret123

(true)
12:57:33.313 DEBUG IdealManager-setupAP Retry 1
12:57:33.329 DEBUG SIM                  module: 'AT+WSKEY=WPA2PSK,AES,secret123' -> '+ok'
12:57:33.329 DEBUG @@@@@                CR: +ok(true)
12:57:33.440 DEBUG SIM                  module: 'AT+WSKEY' -> '+ok=WPA2PSK,AES,secret123
'
12:57:33.440 DEBUG @@@@@                CR: +ok=WPA2PSK,AES,secret123

(true)
12:57:33.441 DEBUG IdealManager-setupAP Retry 0
12:57:33.456 DEBUG SIM                  module: 'AT+WSKEY=WPA2PSK,AES,secret123' -> '+ok'
12:57:33.456 DEBUG @@@@@                CR: +ok(true)
12:57:33.567 DEBUG SIM                  module: 'AT+WSKEY' -> '+ok=WPA2PSK,AES,secret123
'
12:57:33.568 DEBUG @@@@@                CR: +ok=WPA2PSK,AES,secret123

(true)
12:57:33.568 DEBUG IdealManager-setupAP AT+WSKEY:fail
12:57:33.585 DEBUG SIM                  module: 'AT+WMODE=STA' -> '+ok'
12:57:33.585 DEBUG @@@@@                CR: +ok(true)
12:57:33.696 DEBUG SIM                  module: 'AT+WMODE' -> '+ok=STA
'
12:57:33.697 DEBUG @@@@@                CR: +ok=STA

(true)
12:57:33.697 DEBUG IdealManager-setupAP Retry 9
12:57:33.720 DEBUG SIM                  module: 'AT+WMODE=STA' -> '+ok'
12:57:33.721 DEBUG @@@@@                CR: +ok(true)
12:57:33.832 DEBUG SIM                  module: 'AT+WMODE' -> '+ok=STA
'
12:57:33.834 DEBUG @@@@@                CR: +ok=STA

(true)
12:57:33.834 DEBUG IdealManager-setupAP Retry 8
12:57:33.854 DEBUG SIM                  module: 'AT+WMODE=STA' -> '+ok'
12:57:33.855 DEBUG @@@@@                CR: +ok(true)
12:57:33.965 DEBUG SIM                  module: 'AT+WMODE' -> '+ok=STA
'
12:57:33.965 DEBUG @@@@@                CR: +ok=STA

(true)
12:57:33.966 DEBUG IdealManager-setupAP Retry 7
12:57:33.987 DEBUG SIM                  module: 'AT+WMODE=STA' -> '+ok'
12:57:33.987 DEBUG @@@@@                CR: +ok(true)
12:57:34.098 DEBUG SIM                  module: 'AT+WMODE' -> '+ok=STA
'
12:57:34.098 DEBUG @@@@@                CR: +ok=STA

(true)
12:57:34.099 DEBUG IdealManager-setupAP Retry 6
12:57:34.127 DEBUG SIM                  module: 'AT+WMODE=STA' -> '+ok'
12:57:34.127 DEBUG @@@@@                CR: +ok(true)
12:57:34.238 DEBUG SIM                  module: 'AT+WMODE' -> '+ok=STA
'
12:57:34.238 DEBUG @@@@@                CR: +ok=STA

(true)
12:57:34.239 DEBUG IdealManager-setupAP Retry 5
12:57:34.265 DEBUG SIM                  module: 'AT+WMODE=STA' -> '+ok'
12:57:34.265 DEBUG @@@@@                CR: +ok(true)
12:57:34.376 DEBUG SIM                  module: 'AT+WMODE' -> '+ok=STA
'
12:57:34.376 DEBUG @@@@@                CR: +ok=STA

(true)
12:57:34.376 DEBUG IdealManager-setupAP Retry 4
12:57:34.403 DEBUG SIM                  module: 'AT+WMODE=STA' -> '+ok'
12:57:34.403 DEBUG @@@@@                CR: +ok(true)
12:57:34.513 DEBUG SIM                  module: 'AT+WMODE' -> '+ok=STA
'
12:57:34.514 DEBUG @@@@@                CR: +ok=STA

(true)
12:57:34.514 DEBUG IdealManager-setupAP Retry 3
12:57:34.537 DEBUG SIM                  module: 'AT+WMODE=STA' -> '+ok'
12:57:34.537 DEBUG @@@@@                CR: +ok(true)
12:57:34.648 DEBUG SIM                  module: 'AT+WMODE' -> '+ok=STA
'
12:57:34.648 DEBUG @@@@@                CR: +ok=STA

(true)
12:57:34.648 DEBUG IdealManager-setupAP Retry 2
12:57:34.669 DEBUG SIM                  module: 'AT+WMODE=STA' -> '+ok'
12:57:34.670 DEBUG @@@@@                CR: +ok(true)
12:57:34.781 DEBUG SIM                  module: 'AT+WMODE' -> '+ok=STA
'
12:57:34.781 DEBUG @@@@@                CR: +ok=STA

(true)
12:57:34.782 DEBUG IdealManager-setupAP Retry 1
12:57:34.807 DEBUG SIM                  module: 'AT+WMODE=STA' -> '+ok'
12:57:34.808 DEBUG @@@@@                CR: +ok(true)
12:57:34.919 DEBUG SIM                  module: 'AT+WMODE' -> '+ok=STA
'
12:57:34.919 DEBUG @@@@@                CR: +ok=STA

(true)
12:57:34.920 DEBUG IdealManager-setupAP Retry 0
12:57:34.940 DEBUG SIM                  module: 'AT+WMODE=STA' -> '+ok'
12:57:34.941 DEBUG @@@@@                CR: +ok(true)
12:57:35.052 DEBUG SIM                  module: 'AT+WMODE' -> '+ok=STA
'
12:57:35.052 DEBUG @@@@@                CR: +ok=STA

(true)
12:57:35.052 DEBUG IdealManager-setupAP AT+WMODE:fail
12:57:35.073 DEBUG SIM                  module: 'AT+WRMID=ideal-0001' -> '+ok'
12:57:35.074 DEBUG @@@@@                CR: +ok(true)
12:57:35.184 DEBUG SIM                  module: 'AT+MID' -> '+ok=ideal-0001
'
12:57:35.184 DEBUG @@@@@                CR: +ok=ideal-0001

(true)
12:57:35.185 DEBUG IdealManager-setupAP Retry 9
12:57:35.207 DEBUG SIM                  module: 'AT+WRMID=ideal-0001' -> '+ok'
12:57:35.207 DEBUG @@@@@                CR: +ok(true)
12:57:35.317 DEBUG SIM                  module: 'AT+MID' -> '+ok=ideal-0001
'
12:57:35.318 DEBUG @@@@@                CR: +ok=ideal-0001

(true)
12:57:35.318 DEBUG IdealManager-setupAP Retry 8
12:57:35.352 DEBUG SIM                  module: 'AT+WRMID=ideal-0001' -> '+ok'
12:57:35.352 DEBUG @@@@@                CR: +ok(true)
12:57:35.463 DEBUG SIM                  module: 'AT+MID' -> '+ok=ideal-0001
'
12:57:35.463 DEBUG @@@@@                CR: +ok=ideal-0001

(true)
12:57:35.463 DEBUG IdealManager-setupAP Retry 7
12:57:35.495 DEBUG SIM                  module: 'AT+WRMID=ideal-0001' -> '+ok'
12:57:35.495 DEBUG @@@@@                CR: +ok(true)
12:57:35.605 DEBUG SIM                  module: 'AT+MID' -> '+ok=ideal-0001
'
12:57:35.606 DEBUG @@@@@                CR: +ok=ideal-0001

(true)
12:57:35.606 DEBUG IdealManager-setupAP Retry 6
12:57:35.640 DEBUG SIM                  module: 'AT+WRMID=ideal-0001' -> '+ok'
12:57:35.640 DEBUG @@@@@                CR: +ok(true)
12:57:35.751 DEBUG SIM                  module: 'AT+MID' -> '+ok=ideal-0001
'
12:57:35.751 DEBUG @@@@@                CR: +ok=ideal-0001

(true)
12:57:35.751 DEBUG IdealManager-setupAP Retry 5
12:57:35.780 DEBUG SIM                  module: 'AT+WRMID=ideal-0001' -> '+ok'
12:57:35.781 DEBUG @@@@@                CR: +ok(true)
12:57:35.891 DEBUG SIM                  module: 'AT+MID' -> '+ok=ideal-0001
'
12:57:35.891 DEBUG @@@@@                CR: +ok=ideal-0001

(true)
12:57:35.891 DEBUG IdealManager-setupAP Retry 4
12:57:35.919 DEBUG SIM                  module: 'AT+WRMID=ideal-0001' -> '+ok'
12:57:35.920 DEBUG @@@@@                CR: +ok(true)
12:57:36.030 DEBUG SIM                  module: 'AT+MID' -> '+ok=ideal-0001
'
12:57:36.030 DEBUG @@@@@                CR: +ok=ideal-0001

(true)
12:57:36.031 DEBUG IdealManager-setupAP Retry 3
12:57:36.059 DEBUG SIM                  module: 'AT+WRMID=ideal-0001' -> '+ok'
12:57:36.059 DEBUG @@@@@                CR: +ok(true)
12:57:36.170 DEBUG SIM                  module: 'AT+MID' -> '+ok=ideal-0001
'
12:57:36.170 DEBUG @@@@@                CR: +ok=ideal-0001

(true)
12:57:36.170 DEBUG IdealManager-setupAP Retry 2
12:57:36.196 DEBUG SIM                  module: 'AT+WRMID=ideal-0001' -> '+ok'
12:57:36.196 DEBUG @@@@@                CR: +ok(true)
12:57:36.307 DEBUG SIM                  module: 'AT+MID' -> '+ok=ideal-0001
'
12:57:36.308 DEBUG @@@@@                CR: +ok=ideal-0001

(true)
12:57:36.308 DEBUG IdealManager-setupAP Retry 1
12:57:36.338 DEBUG SIM                  module: 'AT+WRMID=ideal-0001' -> '+ok'
12:57:36.338 DEBUG @@@@@                CR: +ok(true)
12:57:36.448 DEBUG SIM                  module: 'AT+MID' -> '+ok=ideal-0001
'
12:57:36.449 DEBUG @@@@@                CR: +ok=ideal-0001

(true)
12:57:36.449 DEBUG IdealManager-setupAP Retry 0
12:57:36.475 DEBUG SIM                  module: 'AT+WRMID=ideal-0001' -> '+ok'
12:57:36.475 DEBUG @@@@@                CR: +ok(true)
12:57:36.586 DEBUG SIM                  module: 'AT+MID' -> '+ok=ideal-0001
'
12:57:36.586 DEBUG @@@@@                CR: +ok=ideal-0001

(true)
12:57:36.586 DEBUG IdealManager-setupAP AT+WRMID:fail
12:57:36.586 ERROR IdealManager-setupAP Setup commands failed
12:57:36.587 STATE SIM                  ── complete; module reset 0x (expected 3) -> MISMATCH
12:59:37.698 STATE READY                ── IdealSetup v1.0  (log: /storage/emulated/0/Android/data/eu.neongolden.idealsetup.debug/files/ideal-setup.log)
12:59:37.701 INFO  READY                device AP prefixes — purifier='IDEAL', sensor='ideal-add-device'
12:59:40.728 STATE SIM                  ── === SIMULATED provisioning against in-app fake HF-A11 ===
12:59:40.744 STATE CONFIG               ── setupPurifier ssid='MyHomeWiFi' moduleId='ideal-0001'
12:59:40.744 STATE DISCOVER             ── broadcasting HF-A11ASSISTHREAD to 10.10.100.254:48899
12:59:40.825 DEBUG SIM                  module replies to HF-A11ASSISTHREAD: '10.10.100.254,AC:CF:23:11:22:33,T40'
12:59:41.038 DEBUG SIM                  module: '+ok' -> '+ok'
12:59:41.059 DEBUG SIM                  module: 'AT+VER' -> '+ok=1.0.fake
'
12:59:41.059 DEBUG CMD-MODE             command mode confirmed on 10.10.100.254 (AT+VER ok)
12:59:43.074 DEBUG SIM                  module: 'AT+WSSSID=MyHomeWiFi' -> '+ok'
12:59:43.076 DEBUG @@@@@                CR: +ok(true)
12:59:43.186 DEBUG SIM                  module: 'AT+WSSSID' -> '+ok=MyHomeWiFi
'
12:59:43.187 DEBUG @@@@@                CR: +ok=MyHomeWiFi(true)
12:59:43.187 DEBUG IdealManager-setupAP AT+WSSSID:ok
12:59:43.197 DEBUG SIM                  module: 'AT+DISPS=Yes' -> '+ok'
12:59:43.198 DEBUG @@@@@                CR: +ok(true)
12:59:43.310 DEBUG SIM                  module: 'AT+DISPS' -> '+ok=Yes
'
12:59:43.310 DEBUG @@@@@                CR: +ok=Yes(true)
12:59:43.310 DEBUG IdealManager-setupAP AT+DISPS:ok
12:59:43.320 DEBUG SIM                  module: 'AT+WSKEY=WPA2PSK,AES,secret123' -> '+ok'
12:59:43.320 DEBUG @@@@@                CR: +ok(true)
12:59:43.430 DEBUG SIM                  module: 'AT+WSKEY' -> '+ok=WPA2PSK,AES,secret123
'
12:59:43.431 DEBUG @@@@@                CR: +ok=WPA2PSK,AES,secret123(true)
12:59:43.431 DEBUG IdealManager-setupAP AT+WSKEY:ok
12:59:43.441 DEBUG SIM                  module: 'AT+WMODE=STA' -> '+ok'
12:59:43.442 DEBUG @@@@@                CR: +ok(true)
12:59:43.553 DEBUG SIM                  module: 'AT+WMODE' -> '+ok=STA
'
12:59:43.553 DEBUG @@@@@                CR: +ok=STA(true)
12:59:43.554 DEBUG IdealManager-setupAP AT+WMODE:ok
12:59:43.564 DEBUG SIM                  module: 'AT+WRMID=ideal-0001' -> '+ok'
12:59:43.564 DEBUG @@@@@                CR: +ok(true)
12:59:43.675 DEBUG SIM                  module: 'AT+MID' -> '+ok=ideal-0001
'
12:59:43.676 DEBUG @@@@@                CR: +ok=ideal-0001(true)
12:59:43.676 DEBUG IdealManager-setupAP AT+WRMID:ok
12:59:43.676 DEBUG IdealManager-setupAP Setup commands OK, rebooting
12:59:43.676 DEBUG IdealManager-setupAP IdealScanResult(ip=10.10.100.254, mac=AC:CF:23:11:22:33, name=T40, timestamp=1781434780827)
12:59:43.686 DEBUG SIM                  module: 'AT+SRST' -> '+ok'
12:59:43.697 DEBUG SIM                  module: 'AT+SRST' -> '+ok'
12:59:43.708 DEBUG SIM                  module: 'AT+SRST' -> '+ok'
12:59:43.708 STATE RESET                ── AT+SRST sent 3x; device should join 'MyHomeWiFi'
12:59:43.709 STATE SIM                  ── complete; module reset 3x (expected 3) -> PASS
